<?xml version="1.0" encoding="UTF-8"?>
<!-- Generated by org.testng.reporters.JUnitXMLReporter -->
<testsuite ignored="0" hostname="Vijay-PC" failures="0" tests="3" name="Test Execution" time="15.907" errors="0" timestamp="2021-08-04T15:43:07 IST">
  <testcase classname="Tests.LoginTests" name="verifyFieldsPresent" time="0.567"/>
  <testcase classname="Tests.LoginTests" name="verifySuccessfulLogin" time="3.828"/>
  <testcase classname="Tests.LoginTests" name="verifyUnsuccessfulLogin" time="0.002"/>
</testsuite> <!-- Test Execution -->
